<?xml version="1.0" encoding="UTF-8"?>
<testng-results skipped="0" failed="0" total="1" passed="1">
  <reporter-output>
  </reporter-output>
  <suite name="Default suite" duration-ms="84872" started-at="2016-06-15T01:55:03Z" finished-at="2016-06-15T01:56:28Z">
    <groups>
    </groups>
    <test name="Default test" duration-ms="84872" started-at="2016-06-15T01:55:03Z" finished-at="2016-06-15T01:56:28Z">
      <class name="com.yourcompany.SampleSauceTest">
        <test-method status="PASS" signature="main()[pri:0, instance:com.yourcompany.SampleSauceTest@3aefe5e5]" name="main" duration-ms="84825" started-at="2016-06-14T18:55:03Z" finished-at="2016-06-14T18:56:28Z">
          <reporter-output>
          </reporter-output>
        </test-method> <!-- main -->
      </class> <!-- com.yourcompany.SampleSauceTest -->
    </test> <!-- Default test -->
  </suite> <!-- Default suite -->
</testng-results>
