<?xml version="1.0" encoding="UTF-8"?>
<testng-results skipped="0" failed="0" total="1" passed="1">
  <reporter-output>
  </reporter-output>
  <suite name="Surefire suite" duration-ms="15786" started-at="2016-06-11T03:43:30Z" finished-at="2016-06-11T03:43:45Z">
    <groups>
    </groups>
    <test name="Surefire test" duration-ms="15786" started-at="2016-06-11T03:43:30Z" finished-at="2016-06-11T03:43:45Z">
      <class name="com.yourcompany.SampleSauceTest">
        <test-method status="PASS" signature="main()[pri:0, instance:com.yourcompany.SampleSauceTest@7a0ac6e3]" name="main" duration-ms="15729" started-at="2016-06-10T20:43:30Z" finished-at="2016-06-10T20:43:45Z">
          <reporter-output>
          </reporter-output>
        </test-method> <!-- main -->
      </class> <!-- com.yourcompany.SampleSauceTest -->
    </test> <!-- Surefire test -->
  </suite> <!-- Surefire suite -->
</testng-results>
