<?xml version="1.0" encoding="UTF-8"?>
<!-- Generated by org.testng.reporters.JUnitXMLReporter -->
<testsuite hostname="DESKTOP-MDL60IH" name="Surefire test" tests="1" failures="1" timestamp="8 Jun 2016 22:37:44 GMT" time="1.551" errors="0">
  <testcase name="main" time="1.483" classname="com.yourcompany.SampleSauceTest">
    <failure type="org.openqa.selenium.UnsupportedCommandException" message="&amp;lt;!DOCTYPE html PUBLIC &amp;quot;-//W3C//DTD XHTML 1.0 Transitional//EN&amp;quot; &amp;quot;http://www.w3.org/TR/xhtml1/DTD/xhtml1-transitional.dtd&amp;quot;&amp;gt;
	
&amp;lt;html xmlns=&amp;quot;http://www.w3.org/1999/xhtml&amp;quot; xml:lang=&amp;quot;en&amp;quot; lang=&amp;quot;en&amp;quot;&amp;gt;
&amp;lt;head&amp;gt;
	&amp;lt;title&amp;gt;&amp;lt;/title&amp;gt;
  &amp;lt;style type=&amp;quot;text/css&amp;quot;&amp;gt;
  * {margin:0;padding:0;}
  body {background:#e5e5e5;font-family:Helvetica,Arial,sans-serif;font-size:97%}
  #bar {width:100%;background:#111;margin-bottom:50px;border-bottom:5px solid #444;padding-top:3px}
  #box {background:#f5f5f5;border:10px solid #CCC;width:550px;margin:0 auto;padding:20px;}
  p {line-height:1.6em;font-size:.9em;margin-bottom:1em;color:#444}
  ol {list-style:none;padding:5px 0;}
  ol li {line-height:1.4em;font-size:.8em;margin-bottom:.8em;color:#666}
  h1, h2 {margin-bottom:.5em;}
  h1 {font-size:1.6em}
  h2 {font-weight:normal;font-size:1.2em;}
  hr {background: #ccc; color: #ccc;clear: both; float: none; width: 100%; height: 1px;margin: 20px 0;border: none;}
  #bar h1 {color:#fff;padding:8px 15px 6px;font-size:14px;}
  strong {color:#222;}
  &amp;lt;/style&amp;gt;
&amp;lt;/head&amp;gt;

&amp;lt;body&amp;gt;
  &amp;lt;div id=&amp;quot;bar&amp;quot;&amp;gt;
    &amp;lt;h1&amp;gt;ReadyTech&amp;lt;/h1&amp;gt;
  &amp;lt;/div&amp;gt;
  &amp;lt;div id=&amp;quot;box&amp;quot;&amp;gt;
    &amp;lt;h1&amp;gt;Proxy Access Denied&amp;lt;/h1&amp;gt;
    &amp;lt;p&amp;gt;You have been redirected to this page because you are trying to access a site and the proxy server has denied your request. You may have been denied because the site is not allowed or because you did not enter a valid username and password.&amp;lt;/p&amp;gt;
    &amp;lt;hr/&amp;gt;
    &amp;lt;h2&amp;gt;Why does ReadyTech restrict Internet access?&amp;lt;/h2&amp;gt;
    &amp;lt;ol&amp;gt;
      &amp;lt;li&amp;gt;&amp;lt;strong&amp;gt;Performance Integrity:&amp;lt;/strong&amp;gt; Bandwidth could be compromised from users downloading large files, streaming media, etc. thus affecting performance and quality of the training and lab exercises.&amp;lt;/li&amp;gt;
      &amp;lt;li&amp;gt;&amp;lt;strong&amp;gt;Security:&amp;lt;/strong&amp;gt; We need to protect the student network from viruses and other malware, which is most often distributed via email servers or the Internet. &amp;lt;/li&amp;gt;
      &amp;lt;li&amp;gt;&amp;lt;strong&amp;gt;Privacy:&amp;lt;/strong&amp;gt; Because the student network is shared and monitored by the instructor and ReadyTech support staff, personal activities (e.g. web surfing, personal email, bill paying) could be exposed to others on the network.&amp;lt;/li&amp;gt;
    &amp;lt;/ol&amp;gt;
    &amp;lt;hr/&amp;gt;
    &amp;lt;h2&amp;gt;What if I need to access a site for class?&amp;lt;/h2&amp;gt;
    &amp;lt;p&amp;gt;If access to a site is required as part of a training class, the instructor should contact ReadyTech support and request that the site be opened. Some sites (YouTube, GMail, etc.) cannot be opened.&amp;lt;/p&amp;gt;
  &amp;lt;/div&amp;gt;

&amp;lt;/body&amp;gt;

&amp;lt;BR clear=&amp;quot;all&amp;quot;&amp;gt;
&amp;lt;HR noshade size=&amp;quot;1px&amp;quot;&amp;gt;
&amp;lt;ADDRESS&amp;gt;
Generated Wed, 08 Jun 2016 22:30:37 GMT by proxyout.hostedtraining.com (squid/2.6.STABLE21)
&amp;lt;/ADDRESS&amp;gt;
&amp;lt;/BODY&amp;gt;&amp;lt;/HTML&amp;gt;
Command duration or timeout: 507 milliseconds
Build info: version: &amp;apos;2.53.0&amp;apos;, revision: &amp;apos;35ae25b1534ae328c771e0856c93e187490ca824&amp;apos;, time: &amp;apos;2016-03-15 10:43:46&amp;apos;
System info: host: &amp;apos;DESKTOP-MDL60IH&amp;apos;, ip: &amp;apos;10.0.198.150&amp;apos;, os.name: &amp;apos;Windows 10&amp;apos;, os.arch: &amp;apos;amd64&amp;apos;, os.version: &amp;apos;10.0&amp;apos;, java.version: &amp;apos;1.8.0_91&amp;apos;
Driver info: org.openqa.selenium.remote.RemoteWebDriver">
      <![CDATA[org.openqa.selenium.UnsupportedCommandException: <!DOCTYPE html PUBLIC "-//W3C//DTD XHTML 1.0 Transitional//EN" "http://www.w3.org/TR/xhtml1/DTD/xhtml1-transitional.dtd">
	
<html xmlns="http://www.w3.org/1999/xhtml" xml:lang="en" lang="en">
<head>
	<title></title>
  <style type="text/css">
  * {margin:0;padding:0;}
  body {background:#e5e5e5;font-family:Helvetica,Arial,sans-serif;font-size:97%}
  #bar {width:100%;background:#111;margin-bottom:50px;border-bottom:5px solid #444;padding-top:3px}
  #box {background:#f5f5f5;border:10px solid #CCC;width:550px;margin:0 auto;padding:20px;}
  p {line-height:1.6em;font-size:.9em;margin-bottom:1em;color:#444}
  ol {list-style:none;padding:5px 0;}
  ol li {line-height:1.4em;font-size:.8em;margin-bottom:.8em;color:#666}
  h1, h2 {margin-bottom:.5em;}
  h1 {font-size:1.6em}
  h2 {font-weight:normal;font-size:1.2em;}
  hr {background: #ccc; color: #ccc;clear: both; float: none; width: 100%; height: 1px;margin: 20px 0;border: none;}
  #bar h1 {color:#fff;padding:8px 15px 6px;font-size:14px;}
  strong {color:#222;}
  </style>
</head>

<body>
  <div id="bar">
    <h1>ReadyTech</h1>
  </div>
  <div id="box">
    <h1>Proxy Access Denied</h1>
    <p>You have been redirected to this page because you are trying to access a site and the proxy server has denied your request. You may have been denied because the site is not allowed or because you did not enter a valid username and password.</p>
    <hr/>
    <h2>Why does ReadyTech restrict Internet access?</h2>
    <ol>
      <li><strong>Performance Integrity:</strong> Bandwidth could be compromised from users downloading large files, streaming media, etc. thus affecting performance and quality of the training and lab exercises.</li>
      <li><strong>Security:</strong> We need to protect the student network from viruses and other malware, which is most often distributed via email servers or the Internet. </li>
      <li><strong>Privacy:</strong> Because the student network is shared and monitored by the instructor and ReadyTech support staff, personal activities (e.g. web surfing, personal email, bill paying) could be exposed to others on the network.</li>
    </ol>
    <hr/>
    <h2>What if I need to access a site for class?</h2>
    <p>If access to a site is required as part of a training class, the instructor should contact ReadyTech support and request that the site be opened. Some sites (YouTube, GMail, etc.) cannot be opened.</p>
  </div>

</body>

<BR clear="all">
<HR noshade size="1px">
<ADDRESS>
Generated Wed, 08 Jun 2016 22:30:37 GMT by proxyout.hostedtraining.com (squid/2.6.STABLE21)
</ADDRESS>
</BODY></HTML>
Command duration or timeout: 507 milliseconds
Build info: version: '2.53.0', revision: '35ae25b1534ae328c771e0856c93e187490ca824', time: '2016-03-15 10:43:46'
System info: host: 'DESKTOP-MDL60IH', ip: '10.0.198.150', os.name: 'Windows 10', os.arch: 'amd64', os.version: '10.0', java.version: '1.8.0_91'
Driver info: org.openqa.selenium.remote.RemoteWebDriver
	at org.openqa.selenium.remote.ErrorHandler.createThrowable(ErrorHandler.java:206)
	at org.openqa.selenium.remote.ErrorHandler.throwIfResponseFailed(ErrorHandler.java:158)
	at org.openqa.selenium.remote.RemoteWebDriver.execute(RemoteWebDriver.java:678)
	at org.openqa.selenium.remote.RemoteWebDriver.startSession(RemoteWebDriver.java:249)
	at org.openqa.selenium.remote.RemoteWebDriver.<init>(RemoteWebDriver.java:131)
	at org.openqa.selenium.remote.RemoteWebDriver.<init>(RemoteWebDriver.java:158)
	at com.yourcompany.SampleSauceTest.main(SampleSauceTest.java:29)
	at java.util.concurrent.ThreadPoolExecutor.runWorker(ThreadPoolExecutor.java:1142)
	at java.util.concurrent.ThreadPoolExecutor$Worker.run(ThreadPoolExecutor.java:617)
	at java.lang.Thread.run(Thread.java:745)
... Removed 14 stack frames]]>
    </failure>
  </testcase> <!-- main -->
</testsuite> <!-- Surefire test -->
